<?xml version="1.0" encoding="UTF-8"?>
<testsuites tests="7" failures="0" errors="0" skipped="2">
  <testsuite name="Easy Voice Recorder Tests" timestamp="2025-12-23T21:46:54" time="109.918" tests="7" failures="0" errors="0" skipped="2">
    <properties>
      <property name="specId" value="0"/>
      <property name="suiteName" value="Easy Voice Recorder Tests"/>
      <property name="capabilities" value="android.rfcx90x7h2n"/>
      <property name="file" value="file:///C:/Testing/Appium/wdio-appium-bs/test/specs/voiceRecorder.e2e.ts"/>
    </properties>
    <testcase classname="android.rfcx90x7h2n.Easy_Voice_Recorder_Tests" name="Verify default state on launch" time="2.211">
      <system-out><![CDATA[
COMMAND: POST /session/753dc9c8-010b-4d1b-bf73-d96aa562515e/appium/device/start_activity - {"appPackage":"com.coffeebeanventures.easyvoicerecorder","appActivity":"com.digipom.easyvoicerecorder.ui.activity.EasyVoiceRecorderActivity"}
RESULT: {"appPackage":"com.coffeebeanventures.easyvoicerecorder","appActivity":"com.digipom.easyvoicerecorder.ui.activity.EasyVoiceRecorderActivity"}
COMMAND: POST /session/753dc9c8-010b-4d1b-bf73-d96aa562515e/element - {"using":"-android uiautomator","value":"new UiSelector().text(\"RECORD\")"}
RESULT: {"using":"-android uiautomator","value":"new UiSelector().text(\"RECORD\")"}
COMMAND: GET /session/753dc9c8-010b-4d1b-bf73-d96aa562515e/element/00000000-0000-1119-ffff-ffff0000000e/displayed - {}
RESULT: {}
COMMAND: POST /session/753dc9c8-010b-4d1b-bf73-d96aa562515e/element - {"using":"-android uiautomator","value":"new UiSelector().text(\"RECORD\")"}
RESULT: {"using":"-android uiautomator","value":"new UiSelector().text(\"RECORD\")"}
COMMAND: GET /session/753dc9c8-010b-4d1b-bf73-d96aa562515e/element/00000000-0000-1119-ffff-ffff0000000e/displayed - {}
RESULT: {}
COMMAND: POST /session/753dc9c8-010b-4d1b-bf73-d96aa562515e/element - {"using":"-android uiautomator","value":"new UiSelector().text(\"RECORD\")"}
RESULT: {"using":"-android uiautomator","value":"new UiSelector().text(\"RECORD\")"}
COMMAND: GET /session/753dc9c8-010b-4d1b-bf73-d96aa562515e/element/00000000-0000-1119-ffff-ffff0000000e/attribute/selected - {}
RESULT: {}
COMMAND: POST /session/753dc9c8-010b-4d1b-bf73-d96aa562515e/element - {"using":"id","value":"com.coffeebeanventures.easyvoicerecorder:id/record_pause_button"}
RESULT: {"using":"id","value":"com.coffeebeanventures.easyvoicerecorder:id/record_pause_button"}
COMMAND: GET /session/753dc9c8-010b-4d1b-bf73-d96aa562515e/element/00000000-0000-1119-ffff-ffff0000003f/displayed - {}
RESULT: {}
COMMAND: POST /session/753dc9c8-010b-4d1b-bf73-d96aa562515e/element - {"using":"id","value":"com.coffeebeanventures.easyvoicerecorder:id/record_pause_button"}
RESULT: {"using":"id","value":"com.coffeebeanventures.easyvoicerecorder:id/record_pause_button"}
COMMAND: GET /session/753dc9c8-010b-4d1b-bf73-d96aa562515e/element/00000000-0000-1119-ffff-ffff0000003f/displayed - {}
RESULT: {}
COMMAND: POST /session/753dc9c8-010b-4d1b-bf73-d96aa562515e/element - {"using":"id","value":"com.coffeebeanventures.easyvoicerecorder:id/record_pause_button"}
RESULT: {"using":"id","value":"com.coffeebeanventures.easyvoicerecorder:id/record_pause_button"}
COMMAND: GET /session/753dc9c8-010b-4d1b-bf73-d96aa562515e/element/00000000-0000-1119-ffff-ffff0000003f/attribute/clickable - {}
RESULT: {}
]]></system-out>
    </testcase>
    <testcase classname="android.rfcx90x7h2n.Easy_Voice_Recorder_Tests" name="Verify user can start recording" time="7.774">
      <system-out><![CDATA[
COMMAND: POST /session/753dc9c8-010b-4d1b-bf73-d96aa562515e/appium/device/start_activity - {"appPackage":"com.coffeebeanventures.easyvoicerecorder","appActivity":"com.digipom.easyvoicerecorder.ui.activity.EasyVoiceRecorderActivity"}
RESULT: {"appPackage":"com.coffeebeanventures.easyvoicerecorder","appActivity":"com.digipom.easyvoicerecorder.ui.activity.EasyVoiceRecorderActivity"}
COMMAND: POST /session/753dc9c8-010b-4d1b-bf73-d96aa562515e/element - {"using":"id","value":"com.coffeebeanventures.easyvoicerecorder:id/record_pause_button"}
RESULT: {"using":"id","value":"com.coffeebeanventures.easyvoicerecorder:id/record_pause_button"}
COMMAND: GET /session/753dc9c8-010b-4d1b-bf73-d96aa562515e/element/00000000-0000-111b-ffff-ffff0000003f/displayed - {}
RESULT: {}
COMMAND: POST /session/753dc9c8-010b-4d1b-bf73-d96aa562515e/element - {"using":"id","value":"com.coffeebeanventures.easyvoicerecorder:id/record_pause_button"}
RESULT: {"using":"id","value":"com.coffeebeanventures.easyvoicerecorder:id/record_pause_button"}
COMMAND: POST /session/753dc9c8-010b-4d1b-bf73-d96aa562515e/element/00000000-0000-111b-ffff-ffff0000003f/click - {}
RESULT: {}
COMMAND: POST /session/753dc9c8-010b-4d1b-bf73-d96aa562515e/element - {"using":"id","value":"com.coffeebeanventures.easyvoicerecorder:id/record_pause_button"}
RESULT: {"using":"id","value":"com.coffeebeanventures.easyvoicerecorder:id/record_pause_button"}
COMMAND: GET /session/753dc9c8-010b-4d1b-bf73-d96aa562515e/element/00000000-0000-111b-ffff-ffff0000003f/attribute/content-desc - {}
RESULT: {}
COMMAND: POST /session/753dc9c8-010b-4d1b-bf73-d96aa562515e/element - {"using":"id","value":"com.coffeebeanventures.easyvoicerecorder:id/elapsed_recording_time"}
RESULT: {"using":"id","value":"com.coffeebeanventures.easyvoicerecorder:id/elapsed_recording_time"}
COMMAND: GET /session/753dc9c8-010b-4d1b-bf73-d96aa562515e/element/00000000-0000-111b-ffff-ffff0000003a/displayed - {}
RESULT: {}
COMMAND: POST /session/753dc9c8-010b-4d1b-bf73-d96aa562515e/element - {"using":"id","value":"com.coffeebeanventures.easyvoicerecorder:id/elapsed_recording_time"}
RESULT: {"using":"id","value":"com.coffeebeanventures.easyvoicerecorder:id/elapsed_recording_time"}
COMMAND: GET /session/753dc9c8-010b-4d1b-bf73-d96aa562515e/element/00000000-0000-111b-ffff-ffff0000003a/text - {}
RESULT: {}
]]></system-out>
    </testcase>
    <testcase classname="android.rfcx90x7h2n.Easy_Voice_Recorder_Tests" name="Verify user can pause recording" time="33.371">
      <skipped/>
      <system-out><![CDATA[
COMMAND: POST /session/753dc9c8-010b-4d1b-bf73-d96aa562515e/appium/device/start_activity - {"appPackage":"com.coffeebeanventures.easyvoicerecorder","appActivity":"com.digipom.easyvoicerecorder.ui.activity.EasyVoiceRecorderActivity"}
RESULT: {"appPackage":"com.coffeebeanventures.easyvoicerecorder","appActivity":"com.digipom.easyvoicerecorder.ui.activity.EasyVoiceRecorderActivity"}
COMMAND: POST /session/753dc9c8-010b-4d1b-bf73-d96aa562515e/element - {"using":"id","value":"com.coffeebeanventures.easyvoicerecorder:id/record_pause_button"}
RESULT: {"using":"id","value":"com.coffeebeanventures.easyvoicerecorder:id/record_pause_button"}
COMMAND: POST /session/753dc9c8-010b-4d1b-bf73-d96aa562515e/element - {"using":"id","value":"com.coffeebeanventures.easyvoicerecorder:id/record_pause_button"}
RESULT: {"using":"id","value":"com.coffeebeanventures.easyvoicerecorder:id/record_pause_button"}
COMMAND: POST /session/753dc9c8-010b-4d1b-bf73-d96aa562515e/element - {"using":"id","value":"com.coffeebeanventures.easyvoicerecorder:id/record_pause_button"}
RESULT: {"using":"id","value":"com.coffeebeanventures.easyvoicerecorder:id/record_pause_button"}
COMMAND: POST /session/753dc9c8-010b-4d1b-bf73-d96aa562515e/element - {"using":"id","value":"com.coffeebeanventures.easyvoicerecorder:id/record_pause_button"}
RESULT: {"using":"id","value":"com.coffeebeanventures.easyvoicerecorder:id/record_pause_button"}
COMMAND: POST /session/753dc9c8-010b-4d1b-bf73-d96aa562515e/element - {"using":"id","value":"com.coffeebeanventures.easyvoicerecorder:id/record_pause_button"}
RESULT: {"using":"id","value":"com.coffeebeanventures.easyvoicerecorder:id/record_pause_button"}
COMMAND: POST /session/753dc9c8-010b-4d1b-bf73-d96aa562515e/element - {"using":"id","value":"com.coffeebeanventures.easyvoicerecorder:id/record_pause_button"}
RESULT: {"using":"id","value":"com.coffeebeanventures.easyvoicerecorder:id/record_pause_button"}
COMMAND: POST /session/753dc9c8-010b-4d1b-bf73-d96aa562515e/element - {"using":"id","value":"com.coffeebeanventures.easyvoicerecorder:id/record_pause_button"}
RESULT: {"using":"id","value":"com.coffeebeanventures.easyvoicerecorder:id/record_pause_button"}
COMMAND: POST /session/753dc9c8-010b-4d1b-bf73-d96aa562515e/element - {"using":"id","value":"com.coffeebeanventures.easyvoicerecorder:id/record_pause_button"}
RESULT: {"using":"id","value":"com.coffeebeanventures.easyvoicerecorder:id/record_pause_button"}
COMMAND: POST /session/753dc9c8-010b-4d1b-bf73-d96aa562515e/element - {"using":"id","value":"com.coffeebeanventures.easyvoicerecorder:id/record_pause_button"}
RESULT: {"using":"id","value":"com.coffeebeanventures.easyvoicerecorder:id/record_pause_button"}
COMMAND: POST /session/753dc9c8-010b-4d1b-bf73-d96aa562515e/element - {"using":"id","value":"com.coffeebeanventures.easyvoicerecorder:id/record_pause_button"}
RESULT: {"using":"id","value":"com.coffeebeanventures.easyvoicerecorder:id/record_pause_button"}
COMMAND: POST /session/753dc9c8-010b-4d1b-bf73-d96aa562515e/element - {"using":"id","value":"com.coffeebeanventures.easyvoicerecorder:id/record_pause_button"}
RESULT: {"using":"id","value":"com.coffeebeanventures.easyvoicerecorder:id/record_pause_button"}
COMMAND: POST /session/753dc9c8-010b-4d1b-bf73-d96aa562515e/element - {"using":"id","value":"com.coffeebeanventures.easyvoicerecorder:id/record_pause_button"}
RESULT: {"using":"id","value":"com.coffeebeanventures.easyvoicerecorder:id/record_pause_button"}
COMMAND: POST /session/753dc9c8-010b-4d1b-bf73-d96aa562515e/element - {"using":"id","value":"com.coffeebeanventures.easyvoicerecorder:id/record_pause_button"}
RESULT: {"using":"id","value":"com.coffeebeanventures.easyvoicerecorder:id/record_pause_button"}
COMMAND: POST /session/753dc9c8-010b-4d1b-bf73-d96aa562515e/element - {"using":"id","value":"com.coffeebeanventures.easyvoicerecorder:id/record_pause_button"}
RESULT: {"using":"id","value":"com.coffeebeanventures.easyvoicerecorder:id/record_pause_button"}
COMMAND: POST /session/753dc9c8-010b-4d1b-bf73-d96aa562515e/element - {"using":"id","value":"com.coffeebeanventures.easyvoicerecorder:id/record_pause_button"}
RESULT: {"using":"id","value":"com.coffeebeanventures.easyvoicerecorder:id/record_pause_button"}
COMMAND: POST /session/753dc9c8-010b-4d1b-bf73-d96aa562515e/element - {"using":"id","value":"com.coffeebeanventures.easyvoicerecorder:id/record_pause_button"}
RESULT: {"using":"id","value":"com.coffeebeanventures.easyvoicerecorder:id/record_pause_button"}
COMMAND: POST /session/753dc9c8-010b-4d1b-bf73-d96aa562515e/element - {"using":"id","value":"com.coffeebeanventures.easyvoicerecorder:id/record_pause_button"}
RESULT: {"using":"id","value":"com.coffeebeanventures.easyvoicerecorder:id/record_pause_button"}
COMMAND: POST /session/753dc9c8-010b-4d1b-bf73-d96aa562515e/element - {"using":"id","value":"com.coffeebeanventures.easyvoicerecorder:id/record_pause_button"}
RESULT: {"using":"id","value":"com.coffeebeanventures.easyvoicerecorder:id/record_pause_button"}
COMMAND: POST /session/753dc9c8-010b-4d1b-bf73-d96aa562515e/element - {"using":"id","value":"com.coffeebeanventures.easyvoicerecorder:id/record_pause_button"}
RESULT: {"using":"id","value":"com.coffeebeanventures.easyvoicerecorder:id/record_pause_button"}
COMMAND: POST /session/753dc9c8-010b-4d1b-bf73-d96aa562515e/element - {"using":"id","value":"com.coffeebeanventures.easyvoicerecorder:id/record_pause_button"}
RESULT: {"using":"id","value":"com.coffeebeanventures.easyvoicerecorder:id/record_pause_button"}
COMMAND: POST /session/753dc9c8-010b-4d1b-bf73-d96aa562515e/element - {"using":"id","value":"com.coffeebeanventures.easyvoicerecorder:id/record_pause_button"}
RESULT: {"using":"id","value":"com.coffeebeanventures.easyvoicerecorder:id/record_pause_button"}
COMMAND: POST /session/753dc9c8-010b-4d1b-bf73-d96aa562515e/element - {"using":"id","value":"com.coffeebeanventures.easyvoicerecorder:id/record_pause_button"}
RESULT: {"using":"id","value":"com.coffeebeanventures.easyvoicerecorder:id/record_pause_button"}
COMMAND: POST /session/753dc9c8-010b-4d1b-bf73-d96aa562515e/element - {"using":"id","value":"com.coffeebeanventures.easyvoicerecorder:id/record_pause_button"}
RESULT: {"using":"id","value":"com.coffeebeanventures.easyvoicerecorder:id/record_pause_button"}
COMMAND: POST /session/753dc9c8-010b-4d1b-bf73-d96aa562515e/element - {"using":"id","value":"com.coffeebeanventures.easyvoicerecorder:id/record_pause_button"}
RESULT: {"using":"id","value":"com.coffeebeanventures.easyvoicerecorder:id/record_pause_button"}
COMMAND: POST /session/753dc9c8-010b-4d1b-bf73-d96aa562515e/element - {"using":"id","value":"com.coffeebeanventures.easyvoicerecorder:id/record_pause_button"}
RESULT: {"using":"id","value":"com.coffeebeanventures.easyvoicerecorder:id/record_pause_button"}
COMMAND: POST /session/753dc9c8-010b-4d1b-bf73-d96aa562515e/element - {"using":"id","value":"com.coffeebeanventures.easyvoicerecorder:id/record_pause_button"}
RESULT: {"using":"id","value":"com.coffeebeanventures.easyvoicerecorder:id/record_pause_button"}
COMMAND: POST /session/753dc9c8-010b-4d1b-bf73-d96aa562515e/element - {"using":"id","value":"com.coffeebeanventures.easyvoicerecorder:id/record_pause_button"}
RESULT: {"using":"id","value":"com.coffeebeanventures.easyvoicerecorder:id/record_pause_button"}
COMMAND: POST /session/753dc9c8-010b-4d1b-bf73-d96aa562515e/element - {"using":"id","value":"com.coffeebeanventures.easyvoicerecorder:id/record_pause_button"}
RESULT: {"using":"id","value":"com.coffeebeanventures.easyvoicerecorder:id/record_pause_button"}
COMMAND: POST /session/753dc9c8-010b-4d1b-bf73-d96aa562515e/element - {"using":"id","value":"com.coffeebeanventures.easyvoicerecorder:id/record_pause_button"}
RESULT: {"using":"id","value":"com.coffeebeanventures.easyvoicerecorder:id/record_pause_button"}
COMMAND: POST /session/753dc9c8-010b-4d1b-bf73-d96aa562515e/element - {"using":"id","value":"com.coffeebeanventures.easyvoicerecorder:id/record_pause_button"}
RESULT: {"using":"id","value":"com.coffeebeanventures.easyvoicerecorder:id/record_pause_button"}
COMMAND: POST /session/753dc9c8-010b-4d1b-bf73-d96aa562515e/element - {"using":"id","value":"com.coffeebeanventures.easyvoicerecorder:id/record_pause_button"}
RESULT: {"using":"id","value":"com.coffeebeanventures.easyvoicerecorder:id/record_pause_button"}
COMMAND: POST /session/753dc9c8-010b-4d1b-bf73-d96aa562515e/element - {"using":"id","value":"com.coffeebeanventures.easyvoicerecorder:id/record_pause_button"}
RESULT: {"using":"id","value":"com.coffeebeanventures.easyvoicerecorder:id/record_pause_button"}
COMMAND: POST /session/753dc9c8-010b-4d1b-bf73-d96aa562515e/element - {"using":"id","value":"com.coffeebeanventures.easyvoicerecorder:id/record_pause_button"}
RESULT: {"using":"id","value":"com.coffeebeanventures.easyvoicerecorder:id/record_pause_button"}
COMMAND: POST /session/753dc9c8-010b-4d1b-bf73-d96aa562515e/element - {"using":"id","value":"com.coffeebeanventures.easyvoicerecorder:id/record_pause_button"}
RESULT: {"using":"id","value":"com.coffeebeanventures.easyvoicerecorder:id/record_pause_button"}
COMMAND: POST /session/753dc9c8-010b-4d1b-bf73-d96aa562515e/element - {"using":"id","value":"com.coffeebeanventures.easyvoicerecorder:id/record_pause_button"}
RESULT: {"using":"id","value":"com.coffeebeanventures.easyvoicerecorder:id/record_pause_button"}
COMMAND: POST /session/753dc9c8-010b-4d1b-bf73-d96aa562515e/element - {"using":"id","value":"com.coffeebeanventures.easyvoicerecorder:id/record_pause_button"}
RESULT: {"using":"id","value":"com.coffeebeanventures.easyvoicerecorder:id/record_pause_button"}
COMMAND: POST /session/753dc9c8-010b-4d1b-bf73-d96aa562515e/element - {"using":"id","value":"com.coffeebeanventures.easyvoicerecorder:id/record_pause_button"}
RESULT: {"using":"id","value":"com.coffeebeanventures.easyvoicerecorder:id/record_pause_button"}
COMMAND: POST /session/753dc9c8-010b-4d1b-bf73-d96aa562515e/element - {"using":"id","value":"com.coffeebeanventures.easyvoicerecorder:id/record_pause_button"}
RESULT: {"using":"id","value":"com.coffeebeanventures.easyvoicerecorder:id/record_pause_button"}
COMMAND: POST /session/753dc9c8-010b-4d1b-bf73-d96aa562515e/element - {"using":"id","value":"com.coffeebeanventures.easyvoicerecorder:id/record_pause_button"}
RESULT: {"using":"id","value":"com.coffeebeanventures.easyvoicerecorder:id/record_pause_button"}
COMMAND: POST /session/753dc9c8-010b-4d1b-bf73-d96aa562515e/element - {"using":"id","value":"com.coffeebeanventures.easyvoicerecorder:id/record_pause_button"}
RESULT: {"using":"id","value":"com.coffeebeanventures.easyvoicerecorder:id/record_pause_button"}
COMMAND: POST /session/753dc9c8-010b-4d1b-bf73-d96aa562515e/element - {"using":"id","value":"com.coffeebeanventures.easyvoicerecorder:id/record_pause_button"}
RESULT: {"using":"id","value":"com.coffeebeanventures.easyvoicerecorder:id/record_pause_button"}
COMMAND: POST /session/753dc9c8-010b-4d1b-bf73-d96aa562515e/element - {"using":"id","value":"com.coffeebeanventures.easyvoicerecorder:id/record_pause_button"}
RESULT: {"using":"id","value":"com.coffeebeanventures.easyvoicerecorder:id/record_pause_button"}
COMMAND: POST /session/753dc9c8-010b-4d1b-bf73-d96aa562515e/element - {"using":"id","value":"com.coffeebeanventures.easyvoicerecorder:id/record_pause_button"}
RESULT: {"using":"id","value":"com.coffeebeanventures.easyvoicerecorder:id/record_pause_button"}
COMMAND: POST /session/753dc9c8-010b-4d1b-bf73-d96aa562515e/element - {"using":"id","value":"com.coffeebeanventures.easyvoicerecorder:id/record_pause_button"}
RESULT: {"using":"id","value":"com.coffeebeanventures.easyvoicerecorder:id/record_pause_button"}
COMMAND: POST /session/753dc9c8-010b-4d1b-bf73-d96aa562515e/element - {"using":"id","value":"com.coffeebeanventures.easyvoicerecorder:id/record_pause_button"}
RESULT: {"using":"id","value":"com.coffeebeanventures.easyvoicerecorder:id/record_pause_button"}
COMMAND: POST /session/753dc9c8-010b-4d1b-bf73-d96aa562515e/element - {"using":"id","value":"com.coffeebeanventures.easyvoicerecorder:id/record_pause_button"}
RESULT: {"using":"id","value":"com.coffeebeanventures.easyvoicerecorder:id/record_pause_button"}
COMMAND: POST /session/753dc9c8-010b-4d1b-bf73-d96aa562515e/element - {"using":"id","value":"com.coffeebeanventures.easyvoicerecorder:id/record_pause_button"}
RESULT: {"using":"id","value":"com.coffeebeanventures.easyvoicerecorder:id/record_pause_button"}
COMMAND: POST /session/753dc9c8-010b-4d1b-bf73-d96aa562515e/element - {"using":"id","value":"com.coffeebeanventures.easyvoicerecorder:id/record_pause_button"}
RESULT: {"using":"id","value":"com.coffeebeanventures.easyvoicerecorder:id/record_pause_button"}
COMMAND: POST /session/753dc9c8-010b-4d1b-bf73-d96aa562515e/element - {"using":"id","value":"com.coffeebeanventures.easyvoicerecorder:id/record_pause_button"}
RESULT: {"using":"id","value":"com.coffeebeanventures.easyvoicerecorder:id/record_pause_button"}
COMMAND: POST /session/753dc9c8-010b-4d1b-bf73-d96aa562515e/element - {"using":"id","value":"com.coffeebeanventures.easyvoicerecorder:id/record_pause_button"}
RESULT: {"using":"id","value":"com.coffeebeanventures.easyvoicerecorder:id/record_pause_button"}
COMMAND: POST /session/753dc9c8-010b-4d1b-bf73-d96aa562515e/element - {"using":"id","value":"com.coffeebeanventures.easyvoicerecorder:id/record_pause_button"}
RESULT: {"using":"id","value":"com.coffeebeanventures.easyvoicerecorder:id/record_pause_button"}
COMMAND: POST /session/753dc9c8-010b-4d1b-bf73-d96aa562515e/element - {"using":"id","value":"com.coffeebeanventures.easyvoicerecorder:id/record_pause_button"}
RESULT: {"using":"id","value":"com.coffeebeanventures.easyvoicerecorder:id/record_pause_button"}
COMMAND: POST /session/753dc9c8-010b-4d1b-bf73-d96aa562515e/element - {"using":"id","value":"com.coffeebeanventures.easyvoicerecorder:id/record_pause_button"}
RESULT: {"using":"id","value":"com.coffeebeanventures.easyvoicerecorder:id/record_pause_button"}
COMMAND: POST /session/753dc9c8-010b-4d1b-bf73-d96aa562515e/element - {"using":"id","value":"com.coffeebeanventures.easyvoicerecorder:id/record_pause_button"}
RESULT: {"using":"id","value":"com.coffeebeanventures.easyvoicerecorder:id/record_pause_button"}
COMMAND: POST /session/753dc9c8-010b-4d1b-bf73-d96aa562515e/element - {"using":"id","value":"com.coffeebeanventures.easyvoicerecorder:id/record_pause_button"}
RESULT: {"using":"id","value":"com.coffeebeanventures.easyvoicerecorder:id/record_pause_button"}
COMMAND: POST /session/753dc9c8-010b-4d1b-bf73-d96aa562515e/element - {"using":"id","value":"com.coffeebeanventures.easyvoicerecorder:id/record_pause_button"}
RESULT: {"using":"id","value":"com.coffeebeanventures.easyvoicerecorder:id/record_pause_button"}
COMMAND: POST /session/753dc9c8-010b-4d1b-bf73-d96aa562515e/element - {"using":"id","value":"com.coffeebeanventures.easyvoicerecorder:id/record_pause_button"}
RESULT: {"using":"id","value":"com.coffeebeanventures.easyvoicerecorder:id/record_pause_button"}
COMMAND: POST /session/753dc9c8-010b-4d1b-bf73-d96aa562515e/element - {"using":"id","value":"com.coffeebeanventures.easyvoicerecorder:id/record_pause_button"}
RESULT: {"using":"id","value":"com.coffeebeanventures.easyvoicerecorder:id/record_pause_button"}
COMMAND: POST /session/753dc9c8-010b-4d1b-bf73-d96aa562515e/element - {"using":"id","value":"com.coffeebeanventures.easyvoicerecorder:id/record_pause_button"}
RESULT: {"using":"id","value":"com.coffeebeanventures.easyvoicerecorder:id/record_pause_button"}
COMMAND: POST /session/753dc9c8-010b-4d1b-bf73-d96aa562515e/element - {"using":"id","value":"com.coffeebeanventures.easyvoicerecorder:id/record_pause_button"}
RESULT: {"using":"id","value":"com.coffeebeanventures.easyvoicerecorder:id/record_pause_button"}
COMMAND: GET /session/753dc9c8-010b-4d1b-bf73-d96aa562515e/screenshot - {}
RESULT: {}
COMMAND: GET /session/753dc9c8-010b-4d1b-bf73-d96aa562515e/source - {}
RESULT: {}
]]></system-out>
      <system-err><![CDATA[
Error: Failed to click element id=com.coffeebeanventures.easyvoicerecorder:id/record_pause_button after 3 attempts: Element id=com.coffeebeanventures.easyvoicerecorder:id/record_pause_button not displayed within 10000ms
    at VoiceRecorder.clickElement (C:\Testing\Appium\wdio-appium-bs\test\pageobjects\BasePage.ts:159:19)
    at async VoiceRecorder.startRecording (C:\Testing\Appium\wdio-appium-bs\test\pageobjects\VoiceRecorderPage.ts:19:5)
    at async Context.<anonymous> (C:\Testing\Appium\wdio-appium-bs\test\specs\voiceRecorder.e2e.ts:32:5)
    at async Context.executeAsync (C:\Testing\Appium\wdio-appium-bs\node_modules\@wdio\mocha-framework\node_modules\@wdio\utils\build\index.js:1105:20)
    at async Context.testFrameworkFnWrapper (C:\Testing\Appium\wdio-appium-bs\node_modules\@wdio\mocha-framework\node_modules\@wdio\utils\build\index.js:1177:14)
]]></system-err>
    </testcase>
    <testcase classname="android.rfcx90x7h2n.Easy_Voice_Recorder_Tests" name="Verify user can pause recording" time="13.84">
      <system-out><![CDATA[
COMMAND: POST /session/753dc9c8-010b-4d1b-bf73-d96aa562515e/appium/device/start_activity - {"appPackage":"com.coffeebeanventures.easyvoicerecorder","appActivity":"com.digipom.easyvoicerecorder.ui.activity.EasyVoiceRecorderActivity"}
RESULT: {"appPackage":"com.coffeebeanventures.easyvoicerecorder","appActivity":"com.digipom.easyvoicerecorder.ui.activity.EasyVoiceRecorderActivity"}
COMMAND: POST /session/753dc9c8-010b-4d1b-bf73-d96aa562515e/element - {"using":"id","value":"com.coffeebeanventures.easyvoicerecorder:id/record_pause_button"}
RESULT: {"using":"id","value":"com.coffeebeanventures.easyvoicerecorder:id/record_pause_button"}
COMMAND: GET /session/753dc9c8-010b-4d1b-bf73-d96aa562515e/element/00000000-0000-1123-ffff-ffff0000003f/displayed - {}
RESULT: {}
COMMAND: POST /session/753dc9c8-010b-4d1b-bf73-d96aa562515e/element - {"using":"id","value":"com.coffeebeanventures.easyvoicerecorder:id/record_pause_button"}
RESULT: {"using":"id","value":"com.coffeebeanventures.easyvoicerecorder:id/record_pause_button"}
COMMAND: POST /session/753dc9c8-010b-4d1b-bf73-d96aa562515e/element/00000000-0000-1123-ffff-ffff0000003f/click - {}
RESULT: {}
COMMAND: POST /session/753dc9c8-010b-4d1b-bf73-d96aa562515e/element - {"using":"id","value":"com.coffeebeanventures.easyvoicerecorder:id/record_pause_button"}
RESULT: {"using":"id","value":"com.coffeebeanventures.easyvoicerecorder:id/record_pause_button"}
COMMAND: GET /session/753dc9c8-010b-4d1b-bf73-d96aa562515e/element/00000000-0000-1123-ffff-ffff0000003f/displayed - {}
RESULT: {}
COMMAND: POST /session/753dc9c8-010b-4d1b-bf73-d96aa562515e/element - {"using":"id","value":"com.coffeebeanventures.easyvoicerecorder:id/record_pause_button"}
RESULT: {"using":"id","value":"com.coffeebeanventures.easyvoicerecorder:id/record_pause_button"}
COMMAND: POST /session/753dc9c8-010b-4d1b-bf73-d96aa562515e/element/00000000-0000-1123-ffff-ffff0000003f/click - {}
RESULT: {}
COMMAND: POST /session/753dc9c8-010b-4d1b-bf73-d96aa562515e/element - {"using":"id","value":"com.coffeebeanventures.easyvoicerecorder:id/record_pause_button"}
RESULT: {"using":"id","value":"com.coffeebeanventures.easyvoicerecorder:id/record_pause_button"}
COMMAND: GET /session/753dc9c8-010b-4d1b-bf73-d96aa562515e/element/00000000-0000-1123-ffff-ffff0000003f/attribute/content-desc - {}
RESULT: {}
COMMAND: POST /session/753dc9c8-010b-4d1b-bf73-d96aa562515e/element - {"using":"id","value":"com.coffeebeanventures.easyvoicerecorder:id/paused_indicator"}
RESULT: {"using":"id","value":"com.coffeebeanventures.easyvoicerecorder:id/paused_indicator"}
COMMAND: GET /session/753dc9c8-010b-4d1b-bf73-d96aa562515e/element/00000000-0000-1123-ffff-ffff0000003c/displayed - {}
RESULT: {}
COMMAND: POST /session/753dc9c8-010b-4d1b-bf73-d96aa562515e/element - {"using":"id","value":"com.coffeebeanventures.easyvoicerecorder:id/paused_indicator"}
RESULT: {"using":"id","value":"com.coffeebeanventures.easyvoicerecorder:id/paused_indicator"}
COMMAND: GET /session/753dc9c8-010b-4d1b-bf73-d96aa562515e/element/00000000-0000-1123-ffff-ffff0000003c/text - {}
RESULT: {}
COMMAND: POST /session/753dc9c8-010b-4d1b-bf73-d96aa562515e/element - {"using":"id","value":"com.coffeebeanventures.easyvoicerecorder:id/elapsed_recording_time"}
RESULT: {"using":"id","value":"com.coffeebeanventures.easyvoicerecorder:id/elapsed_recording_time"}
COMMAND: GET /session/753dc9c8-010b-4d1b-bf73-d96aa562515e/element/00000000-0000-1123-ffff-ffff0000003a/displayed - {}
RESULT: {}
COMMAND: POST /session/753dc9c8-010b-4d1b-bf73-d96aa562515e/element - {"using":"id","value":"com.coffeebeanventures.easyvoicerecorder:id/elapsed_recording_time"}
RESULT: {"using":"id","value":"com.coffeebeanventures.easyvoicerecorder:id/elapsed_recording_time"}
COMMAND: GET /session/753dc9c8-010b-4d1b-bf73-d96aa562515e/element/00000000-0000-1123-ffff-ffff0000003a/text - {}
RESULT: {}
COMMAND: POST /session/753dc9c8-010b-4d1b-bf73-d96aa562515e/element - {"using":"id","value":"com.coffeebeanventures.easyvoicerecorder:id/elapsed_recording_time"}
RESULT: {"using":"id","value":"com.coffeebeanventures.easyvoicerecorder:id/elapsed_recording_time"}
COMMAND: GET /session/753dc9c8-010b-4d1b-bf73-d96aa562515e/element/00000000-0000-1123-ffff-ffff0000003a/displayed - {}
RESULT: {}
COMMAND: POST /session/753dc9c8-010b-4d1b-bf73-d96aa562515e/element - {"using":"id","value":"com.coffeebeanventures.easyvoicerecorder:id/elapsed_recording_time"}
RESULT: {"using":"id","value":"com.coffeebeanventures.easyvoicerecorder:id/elapsed_recording_time"}
COMMAND: GET /session/753dc9c8-010b-4d1b-bf73-d96aa562515e/element/00000000-0000-1123-ffff-ffff0000003a/text - {}
RESULT: {}
]]></system-out>
    </testcase>
    <testcase classname="android.rfcx90x7h2n.Easy_Voice_Recorder_Tests" name="Verify user can discard new recording" time="33.184">
      <skipped/>
      <system-out><![CDATA[
COMMAND: POST /session/753dc9c8-010b-4d1b-bf73-d96aa562515e/appium/device/start_activity - {"appPackage":"com.coffeebeanventures.easyvoicerecorder","appActivity":"com.digipom.easyvoicerecorder.ui.activity.EasyVoiceRecorderActivity"}
RESULT: {"appPackage":"com.coffeebeanventures.easyvoicerecorder","appActivity":"com.digipom.easyvoicerecorder.ui.activity.EasyVoiceRecorderActivity"}
COMMAND: POST /session/753dc9c8-010b-4d1b-bf73-d96aa562515e/element - {"using":"id","value":"com.coffeebeanventures.easyvoicerecorder:id/record_pause_button"}
RESULT: {"using":"id","value":"com.coffeebeanventures.easyvoicerecorder:id/record_pause_button"}
COMMAND: POST /session/753dc9c8-010b-4d1b-bf73-d96aa562515e/element - {"using":"id","value":"com.coffeebeanventures.easyvoicerecorder:id/record_pause_button"}
RESULT: {"using":"id","value":"com.coffeebeanventures.easyvoicerecorder:id/record_pause_button"}
COMMAND: POST /session/753dc9c8-010b-4d1b-bf73-d96aa562515e/element - {"using":"id","value":"com.coffeebeanventures.easyvoicerecorder:id/record_pause_button"}
RESULT: {"using":"id","value":"com.coffeebeanventures.easyvoicerecorder:id/record_pause_button"}
COMMAND: POST /session/753dc9c8-010b-4d1b-bf73-d96aa562515e/element - {"using":"id","value":"com.coffeebeanventures.easyvoicerecorder:id/record_pause_button"}
RESULT: {"using":"id","value":"com.coffeebeanventures.easyvoicerecorder:id/record_pause_button"}
COMMAND: POST /session/753dc9c8-010b-4d1b-bf73-d96aa562515e/element - {"using":"id","value":"com.coffeebeanventures.easyvoicerecorder:id/record_pause_button"}
RESULT: {"using":"id","value":"com.coffeebeanventures.easyvoicerecorder:id/record_pause_button"}
COMMAND: POST /session/753dc9c8-010b-4d1b-bf73-d96aa562515e/element - {"using":"id","value":"com.coffeebeanventures.easyvoicerecorder:id/record_pause_button"}
RESULT: {"using":"id","value":"com.coffeebeanventures.easyvoicerecorder:id/record_pause_button"}
COMMAND: POST /session/753dc9c8-010b-4d1b-bf73-d96aa562515e/element - {"using":"id","value":"com.coffeebeanventures.easyvoicerecorder:id/record_pause_button"}
RESULT: {"using":"id","value":"com.coffeebeanventures.easyvoicerecorder:id/record_pause_button"}
COMMAND: POST /session/753dc9c8-010b-4d1b-bf73-d96aa562515e/element - {"using":"id","value":"com.coffeebeanventures.easyvoicerecorder:id/record_pause_button"}
RESULT: {"using":"id","value":"com.coffeebeanventures.easyvoicerecorder:id/record_pause_button"}
COMMAND: POST /session/753dc9c8-010b-4d1b-bf73-d96aa562515e/element - {"using":"id","value":"com.coffeebeanventures.easyvoicerecorder:id/record_pause_button"}
RESULT: {"using":"id","value":"com.coffeebeanventures.easyvoicerecorder:id/record_pause_button"}
COMMAND: POST /session/753dc9c8-010b-4d1b-bf73-d96aa562515e/element - {"using":"id","value":"com.coffeebeanventures.easyvoicerecorder:id/record_pause_button"}
RESULT: {"using":"id","value":"com.coffeebeanventures.easyvoicerecorder:id/record_pause_button"}
COMMAND: POST /session/753dc9c8-010b-4d1b-bf73-d96aa562515e/element - {"using":"id","value":"com.coffeebeanventures.easyvoicerecorder:id/record_pause_button"}
RESULT: {"using":"id","value":"com.coffeebeanventures.easyvoicerecorder:id/record_pause_button"}
COMMAND: POST /session/753dc9c8-010b-4d1b-bf73-d96aa562515e/element - {"using":"id","value":"com.coffeebeanventures.easyvoicerecorder:id/record_pause_button"}
RESULT: {"using":"id","value":"com.coffeebeanventures.easyvoicerecorder:id/record_pause_button"}
COMMAND: POST /session/753dc9c8-010b-4d1b-bf73-d96aa562515e/element - {"using":"id","value":"com.coffeebeanventures.easyvoicerecorder:id/record_pause_button"}
RESULT: {"using":"id","value":"com.coffeebeanventures.easyvoicerecorder:id/record_pause_button"}
COMMAND: POST /session/753dc9c8-010b-4d1b-bf73-d96aa562515e/element - {"using":"id","value":"com.coffeebeanventures.easyvoicerecorder:id/record_pause_button"}
RESULT: {"using":"id","value":"com.coffeebeanventures.easyvoicerecorder:id/record_pause_button"}
COMMAND: POST /session/753dc9c8-010b-4d1b-bf73-d96aa562515e/element - {"using":"id","value":"com.coffeebeanventures.easyvoicerecorder:id/record_pause_button"}
RESULT: {"using":"id","value":"com.coffeebeanventures.easyvoicerecorder:id/record_pause_button"}
COMMAND: POST /session/753dc9c8-010b-4d1b-bf73-d96aa562515e/element - {"using":"id","value":"com.coffeebeanventures.easyvoicerecorder:id/record_pause_button"}
RESULT: {"using":"id","value":"com.coffeebeanventures.easyvoicerecorder:id/record_pause_button"}
COMMAND: POST /session/753dc9c8-010b-4d1b-bf73-d96aa562515e/element - {"using":"id","value":"com.coffeebeanventures.easyvoicerecorder:id/record_pause_button"}
RESULT: {"using":"id","value":"com.coffeebeanventures.easyvoicerecorder:id/record_pause_button"}
COMMAND: POST /session/753dc9c8-010b-4d1b-bf73-d96aa562515e/element - {"using":"id","value":"com.coffeebeanventures.easyvoicerecorder:id/record_pause_button"}
RESULT: {"using":"id","value":"com.coffeebeanventures.easyvoicerecorder:id/record_pause_button"}
COMMAND: POST /session/753dc9c8-010b-4d1b-bf73-d96aa562515e/element - {"using":"id","value":"com.coffeebeanventures.easyvoicerecorder:id/record_pause_button"}
RESULT: {"using":"id","value":"com.coffeebeanventures.easyvoicerecorder:id/record_pause_button"}
COMMAND: POST /session/753dc9c8-010b-4d1b-bf73-d96aa562515e/element - {"using":"id","value":"com.coffeebeanventures.easyvoicerecorder:id/record_pause_button"}
RESULT: {"using":"id","value":"com.coffeebeanventures.easyvoicerecorder:id/record_pause_button"}
COMMAND: POST /session/753dc9c8-010b-4d1b-bf73-d96aa562515e/element - {"using":"id","value":"com.coffeebeanventures.easyvoicerecorder:id/record_pause_button"}
RESULT: {"using":"id","value":"com.coffeebeanventures.easyvoicerecorder:id/record_pause_button"}
COMMAND: POST /session/753dc9c8-010b-4d1b-bf73-d96aa562515e/element - {"using":"id","value":"com.coffeebeanventures.easyvoicerecorder:id/record_pause_button"}
RESULT: {"using":"id","value":"com.coffeebeanventures.easyvoicerecorder:id/record_pause_button"}
COMMAND: POST /session/753dc9c8-010b-4d1b-bf73-d96aa562515e/element - {"using":"id","value":"com.coffeebeanventures.easyvoicerecorder:id/record_pause_button"}
RESULT: {"using":"id","value":"com.coffeebeanventures.easyvoicerecorder:id/record_pause_button"}
COMMAND: POST /session/753dc9c8-010b-4d1b-bf73-d96aa562515e/element - {"using":"id","value":"com.coffeebeanventures.easyvoicerecorder:id/record_pause_button"}
RESULT: {"using":"id","value":"com.coffeebeanventures.easyvoicerecorder:id/record_pause_button"}
COMMAND: POST /session/753dc9c8-010b-4d1b-bf73-d96aa562515e/element - {"using":"id","value":"com.coffeebeanventures.easyvoicerecorder:id/record_pause_button"}
RESULT: {"using":"id","value":"com.coffeebeanventures.easyvoicerecorder:id/record_pause_button"}
COMMAND: POST /session/753dc9c8-010b-4d1b-bf73-d96aa562515e/element - {"using":"id","value":"com.coffeebeanventures.easyvoicerecorder:id/record_pause_button"}
RESULT: {"using":"id","value":"com.coffeebeanventures.easyvoicerecorder:id/record_pause_button"}
COMMAND: POST /session/753dc9c8-010b-4d1b-bf73-d96aa562515e/element - {"using":"id","value":"com.coffeebeanventures.easyvoicerecorder:id/record_pause_button"}
RESULT: {"using":"id","value":"com.coffeebeanventures.easyvoicerecorder:id/record_pause_button"}
COMMAND: POST /session/753dc9c8-010b-4d1b-bf73-d96aa562515e/element - {"using":"id","value":"com.coffeebeanventures.easyvoicerecorder:id/record_pause_button"}
RESULT: {"using":"id","value":"com.coffeebeanventures.easyvoicerecorder:id/record_pause_button"}
COMMAND: POST /session/753dc9c8-010b-4d1b-bf73-d96aa562515e/element - {"using":"id","value":"com.coffeebeanventures.easyvoicerecorder:id/record_pause_button"}
RESULT: {"using":"id","value":"com.coffeebeanventures.easyvoicerecorder:id/record_pause_button"}
COMMAND: POST /session/753dc9c8-010b-4d1b-bf73-d96aa562515e/element - {"using":"id","value":"com.coffeebeanventures.easyvoicerecorder:id/record_pause_button"}
RESULT: {"using":"id","value":"com.coffeebeanventures.easyvoicerecorder:id/record_pause_button"}
COMMAND: POST /session/753dc9c8-010b-4d1b-bf73-d96aa562515e/element - {"using":"id","value":"com.coffeebeanventures.easyvoicerecorder:id/record_pause_button"}
RESULT: {"using":"id","value":"com.coffeebeanventures.easyvoicerecorder:id/record_pause_button"}
COMMAND: POST /session/753dc9c8-010b-4d1b-bf73-d96aa562515e/element - {"using":"id","value":"com.coffeebeanventures.easyvoicerecorder:id/record_pause_button"}
RESULT: {"using":"id","value":"com.coffeebeanventures.easyvoicerecorder:id/record_pause_button"}
COMMAND: POST /session/753dc9c8-010b-4d1b-bf73-d96aa562515e/element - {"using":"id","value":"com.coffeebeanventures.easyvoicerecorder:id/record_pause_button"}
RESULT: {"using":"id","value":"com.coffeebeanventures.easyvoicerecorder:id/record_pause_button"}
COMMAND: POST /session/753dc9c8-010b-4d1b-bf73-d96aa562515e/element - {"using":"id","value":"com.coffeebeanventures.easyvoicerecorder:id/record_pause_button"}
RESULT: {"using":"id","value":"com.coffeebeanventures.easyvoicerecorder:id/record_pause_button"}
COMMAND: POST /session/753dc9c8-010b-4d1b-bf73-d96aa562515e/element - {"using":"id","value":"com.coffeebeanventures.easyvoicerecorder:id/record_pause_button"}
RESULT: {"using":"id","value":"com.coffeebeanventures.easyvoicerecorder:id/record_pause_button"}
COMMAND: POST /session/753dc9c8-010b-4d1b-bf73-d96aa562515e/element - {"using":"id","value":"com.coffeebeanventures.easyvoicerecorder:id/record_pause_button"}
RESULT: {"using":"id","value":"com.coffeebeanventures.easyvoicerecorder:id/record_pause_button"}
COMMAND: POST /session/753dc9c8-010b-4d1b-bf73-d96aa562515e/element - {"using":"id","value":"com.coffeebeanventures.easyvoicerecorder:id/record_pause_button"}
RESULT: {"using":"id","value":"com.coffeebeanventures.easyvoicerecorder:id/record_pause_button"}
COMMAND: POST /session/753dc9c8-010b-4d1b-bf73-d96aa562515e/element - {"using":"id","value":"com.coffeebeanventures.easyvoicerecorder:id/record_pause_button"}
RESULT: {"using":"id","value":"com.coffeebeanventures.easyvoicerecorder:id/record_pause_button"}
COMMAND: POST /session/753dc9c8-010b-4d1b-bf73-d96aa562515e/element - {"using":"id","value":"com.coffeebeanventures.easyvoicerecorder:id/record_pause_button"}
RESULT: {"using":"id","value":"com.coffeebeanventures.easyvoicerecorder:id/record_pause_button"}
COMMAND: POST /session/753dc9c8-010b-4d1b-bf73-d96aa562515e/element - {"using":"id","value":"com.coffeebeanventures.easyvoicerecorder:id/record_pause_button"}
RESULT: {"using":"id","value":"com.coffeebeanventures.easyvoicerecorder:id/record_pause_button"}
COMMAND: POST /session/753dc9c8-010b-4d1b-bf73-d96aa562515e/element - {"using":"id","value":"com.coffeebeanventures.easyvoicerecorder:id/record_pause_button"}
RESULT: {"using":"id","value":"com.coffeebeanventures.easyvoicerecorder:id/record_pause_button"}
COMMAND: POST /session/753dc9c8-010b-4d1b-bf73-d96aa562515e/element - {"using":"id","value":"com.coffeebeanventures.easyvoicerecorder:id/record_pause_button"}
RESULT: {"using":"id","value":"com.coffeebeanventures.easyvoicerecorder:id/record_pause_button"}
COMMAND: POST /session/753dc9c8-010b-4d1b-bf73-d96aa562515e/element - {"using":"id","value":"com.coffeebeanventures.easyvoicerecorder:id/record_pause_button"}
RESULT: {"using":"id","value":"com.coffeebeanventures.easyvoicerecorder:id/record_pause_button"}
COMMAND: POST /session/753dc9c8-010b-4d1b-bf73-d96aa562515e/element - {"using":"id","value":"com.coffeebeanventures.easyvoicerecorder:id/record_pause_button"}
RESULT: {"using":"id","value":"com.coffeebeanventures.easyvoicerecorder:id/record_pause_button"}
COMMAND: POST /session/753dc9c8-010b-4d1b-bf73-d96aa562515e/element - {"using":"id","value":"com.coffeebeanventures.easyvoicerecorder:id/record_pause_button"}
RESULT: {"using":"id","value":"com.coffeebeanventures.easyvoicerecorder:id/record_pause_button"}
COMMAND: POST /session/753dc9c8-010b-4d1b-bf73-d96aa562515e/element - {"using":"id","value":"com.coffeebeanventures.easyvoicerecorder:id/record_pause_button"}
RESULT: {"using":"id","value":"com.coffeebeanventures.easyvoicerecorder:id/record_pause_button"}
COMMAND: POST /session/753dc9c8-010b-4d1b-bf73-d96aa562515e/element - {"using":"id","value":"com.coffeebeanventures.easyvoicerecorder:id/record_pause_button"}
RESULT: {"using":"id","value":"com.coffeebeanventures.easyvoicerecorder:id/record_pause_button"}
COMMAND: POST /session/753dc9c8-010b-4d1b-bf73-d96aa562515e/element - {"using":"id","value":"com.coffeebeanventures.easyvoicerecorder:id/record_pause_button"}
RESULT: {"using":"id","value":"com.coffeebeanventures.easyvoicerecorder:id/record_pause_button"}
COMMAND: POST /session/753dc9c8-010b-4d1b-bf73-d96aa562515e/element - {"using":"id","value":"com.coffeebeanventures.easyvoicerecorder:id/record_pause_button"}
RESULT: {"using":"id","value":"com.coffeebeanventures.easyvoicerecorder:id/record_pause_button"}
COMMAND: POST /session/753dc9c8-010b-4d1b-bf73-d96aa562515e/element - {"using":"id","value":"com.coffeebeanventures.easyvoicerecorder:id/record_pause_button"}
RESULT: {"using":"id","value":"com.coffeebeanventures.easyvoicerecorder:id/record_pause_button"}
COMMAND: POST /session/753dc9c8-010b-4d1b-bf73-d96aa562515e/element - {"using":"id","value":"com.coffeebeanventures.easyvoicerecorder:id/record_pause_button"}
RESULT: {"using":"id","value":"com.coffeebeanventures.easyvoicerecorder:id/record_pause_button"}
COMMAND: POST /session/753dc9c8-010b-4d1b-bf73-d96aa562515e/element - {"using":"id","value":"com.coffeebeanventures.easyvoicerecorder:id/record_pause_button"}
RESULT: {"using":"id","value":"com.coffeebeanventures.easyvoicerecorder:id/record_pause_button"}
COMMAND: POST /session/753dc9c8-010b-4d1b-bf73-d96aa562515e/element - {"using":"id","value":"com.coffeebeanventures.easyvoicerecorder:id/record_pause_button"}
RESULT: {"using":"id","value":"com.coffeebeanventures.easyvoicerecorder:id/record_pause_button"}
COMMAND: POST /session/753dc9c8-010b-4d1b-bf73-d96aa562515e/element - {"using":"id","value":"com.coffeebeanventures.easyvoicerecorder:id/record_pause_button"}
RESULT: {"using":"id","value":"com.coffeebeanventures.easyvoicerecorder:id/record_pause_button"}
COMMAND: POST /session/753dc9c8-010b-4d1b-bf73-d96aa562515e/element - {"using":"id","value":"com.coffeebeanventures.easyvoicerecorder:id/record_pause_button"}
RESULT: {"using":"id","value":"com.coffeebeanventures.easyvoicerecorder:id/record_pause_button"}
COMMAND: POST /session/753dc9c8-010b-4d1b-bf73-d96aa562515e/element - {"using":"id","value":"com.coffeebeanventures.easyvoicerecorder:id/record_pause_button"}
RESULT: {"using":"id","value":"com.coffeebeanventures.easyvoicerecorder:id/record_pause_button"}
COMMAND: POST /session/753dc9c8-010b-4d1b-bf73-d96aa562515e/element - {"using":"id","value":"com.coffeebeanventures.easyvoicerecorder:id/record_pause_button"}
RESULT: {"using":"id","value":"com.coffeebeanventures.easyvoicerecorder:id/record_pause_button"}
COMMAND: POST /session/753dc9c8-010b-4d1b-bf73-d96aa562515e/element - {"using":"id","value":"com.coffeebeanventures.easyvoicerecorder:id/record_pause_button"}
RESULT: {"using":"id","value":"com.coffeebeanventures.easyvoicerecorder:id/record_pause_button"}
COMMAND: POST /session/753dc9c8-010b-4d1b-bf73-d96aa562515e/element - {"using":"id","value":"com.coffeebeanventures.easyvoicerecorder:id/record_pause_button"}
RESULT: {"using":"id","value":"com.coffeebeanventures.easyvoicerecorder:id/record_pause_button"}
COMMAND: POST /session/753dc9c8-010b-4d1b-bf73-d96aa562515e/element - {"using":"id","value":"com.coffeebeanventures.easyvoicerecorder:id/record_pause_button"}
RESULT: {"using":"id","value":"com.coffeebeanventures.easyvoicerecorder:id/record_pause_button"}
COMMAND: POST /session/753dc9c8-010b-4d1b-bf73-d96aa562515e/element - {"using":"id","value":"com.coffeebeanventures.easyvoicerecorder:id/record_pause_button"}
RESULT: {"using":"id","value":"com.coffeebeanventures.easyvoicerecorder:id/record_pause_button"}
COMMAND: POST /session/753dc9c8-010b-4d1b-bf73-d96aa562515e/element - {"using":"id","value":"com.coffeebeanventures.easyvoicerecorder:id/record_pause_button"}
RESULT: {"using":"id","value":"com.coffeebeanventures.easyvoicerecorder:id/record_pause_button"}
COMMAND: GET /session/753dc9c8-010b-4d1b-bf73-d96aa562515e/screenshot - {}
RESULT: {}
COMMAND: GET /session/753dc9c8-010b-4d1b-bf73-d96aa562515e/source - {}
RESULT: {}
]]></system-out>
      <system-err><![CDATA[
Error: Failed to click element id=com.coffeebeanventures.easyvoicerecorder:id/record_pause_button after 3 attempts: Element id=com.coffeebeanventures.easyvoicerecorder:id/record_pause_button not displayed within 10000ms
    at VoiceRecorder.clickElement (C:\Testing\Appium\wdio-appium-bs\test\pageobjects\BasePage.ts:159:19)
    at async VoiceRecorder.startRecording (C:\Testing\Appium\wdio-appium-bs\test\pageobjects\VoiceRecorderPage.ts:19:5)
    at async Context.<anonymous> (C:\Testing\Appium\wdio-appium-bs\test\specs\voiceRecorder.e2e.ts:42:5)
    at async Context.executeAsync (C:\Testing\Appium\wdio-appium-bs\node_modules\@wdio\mocha-framework\node_modules\@wdio\utils\build\index.js:1105:20)
    at async Context.testFrameworkFnWrapper (C:\Testing\Appium\wdio-appium-bs\node_modules\@wdio\mocha-framework\node_modules\@wdio\utils\build\index.js:1177:14)
]]></system-err>
    </testcase>
    <testcase classname="android.rfcx90x7h2n.Easy_Voice_Recorder_Tests" name="Verify user can discard new recording" time="10.421">
      <system-out><![CDATA[
COMMAND: POST /session/753dc9c8-010b-4d1b-bf73-d96aa562515e/appium/device/start_activity - {"appPackage":"com.coffeebeanventures.easyvoicerecorder","appActivity":"com.digipom.easyvoicerecorder.ui.activity.EasyVoiceRecorderActivity"}
RESULT: {"appPackage":"com.coffeebeanventures.easyvoicerecorder","appActivity":"com.digipom.easyvoicerecorder.ui.activity.EasyVoiceRecorderActivity"}
COMMAND: POST /session/753dc9c8-010b-4d1b-bf73-d96aa562515e/element - {"using":"id","value":"com.coffeebeanventures.easyvoicerecorder:id/record_pause_button"}
RESULT: {"using":"id","value":"com.coffeebeanventures.easyvoicerecorder:id/record_pause_button"}
COMMAND: GET /session/753dc9c8-010b-4d1b-bf73-d96aa562515e/element/00000000-0000-112b-ffff-ffff0000003f/displayed - {}
RESULT: {}
COMMAND: POST /session/753dc9c8-010b-4d1b-bf73-d96aa562515e/element - {"using":"id","value":"com.coffeebeanventures.easyvoicerecorder:id/record_pause_button"}
RESULT: {"using":"id","value":"com.coffeebeanventures.easyvoicerecorder:id/record_pause_button"}
COMMAND: POST /session/753dc9c8-010b-4d1b-bf73-d96aa562515e/element/00000000-0000-112b-ffff-ffff0000003f/click - {}
RESULT: {}
COMMAND: POST /session/753dc9c8-010b-4d1b-bf73-d96aa562515e/element - {"using":"id","value":"com.coffeebeanventures.easyvoicerecorder:id/cancel_button"}
RESULT: {"using":"id","value":"com.coffeebeanventures.easyvoicerecorder:id/cancel_button"}
COMMAND: GET /session/753dc9c8-010b-4d1b-bf73-d96aa562515e/element/00000000-0000-112b-ffff-ffff0000003e/displayed - {}
RESULT: {}
COMMAND: POST /session/753dc9c8-010b-4d1b-bf73-d96aa562515e/element - {"using":"id","value":"com.coffeebeanventures.easyvoicerecorder:id/cancel_button"}
RESULT: {"using":"id","value":"com.coffeebeanventures.easyvoicerecorder:id/cancel_button"}
COMMAND: POST /session/753dc9c8-010b-4d1b-bf73-d96aa562515e/element/00000000-0000-112b-ffff-ffff0000003e/click - {}
RESULT: {}
COMMAND: POST /session/753dc9c8-010b-4d1b-bf73-d96aa562515e/element - {"using":"id","value":"android:id/button1"}
RESULT: {"using":"id","value":"android:id/button1"}
COMMAND: GET /session/753dc9c8-010b-4d1b-bf73-d96aa562515e/element/00000000-0000-112e-ffff-ffff000000de/displayed - {}
RESULT: {}
COMMAND: POST /session/753dc9c8-010b-4d1b-bf73-d96aa562515e/element - {"using":"id","value":"android:id/button2"}
RESULT: {"using":"id","value":"android:id/button2"}
COMMAND: GET /session/753dc9c8-010b-4d1b-bf73-d96aa562515e/element/00000000-0000-112e-ffff-ffff000000dd/displayed - {}
RESULT: {}
COMMAND: POST /session/753dc9c8-010b-4d1b-bf73-d96aa562515e/element - {"using":"id","value":"android:id/button1"}
RESULT: {"using":"id","value":"android:id/button1"}
COMMAND: GET /session/753dc9c8-010b-4d1b-bf73-d96aa562515e/element/00000000-0000-112e-ffff-ffff000000de/displayed - {}
RESULT: {}
COMMAND: POST /session/753dc9c8-010b-4d1b-bf73-d96aa562515e/element - {"using":"id","value":"android:id/button2"}
RESULT: {"using":"id","value":"android:id/button2"}
COMMAND: GET /session/753dc9c8-010b-4d1b-bf73-d96aa562515e/element/00000000-0000-112e-ffff-ffff000000dd/displayed - {}
RESULT: {}
COMMAND: POST /session/753dc9c8-010b-4d1b-bf73-d96aa562515e/element - {"using":"id","value":"android:id/button1"}
RESULT: {"using":"id","value":"android:id/button1"}
COMMAND: GET /session/753dc9c8-010b-4d1b-bf73-d96aa562515e/element/00000000-0000-112e-ffff-ffff000000de/displayed - {}
RESULT: {}
COMMAND: POST /session/753dc9c8-010b-4d1b-bf73-d96aa562515e/element - {"using":"id","value":"android:id/button1"}
RESULT: {"using":"id","value":"android:id/button1"}
COMMAND: POST /session/753dc9c8-010b-4d1b-bf73-d96aa562515e/element/00000000-0000-112e-ffff-ffff000000de/click - {}
RESULT: {}
COMMAND: POST /session/753dc9c8-010b-4d1b-bf73-d96aa562515e/element - {"using":"-android uiautomator","value":"new UiSelector().text(\"New voice note\")"}
RESULT: {"using":"-android uiautomator","value":"new UiSelector().text(\"New voice note\")"}
COMMAND: GET /session/753dc9c8-010b-4d1b-bf73-d96aa562515e/element/00000000-0000-112b-ffff-ffff00000009/displayed - {}
RESULT: {}
COMMAND: POST /session/753dc9c8-010b-4d1b-bf73-d96aa562515e/element - {"using":"-android uiautomator","value":"new UiSelector().text(\"New voice note\")"}
RESULT: {"using":"-android uiautomator","value":"new UiSelector().text(\"New voice note\")"}
COMMAND: GET /session/753dc9c8-010b-4d1b-bf73-d96aa562515e/element/00000000-0000-112b-ffff-ffff00000009/displayed - {}
RESULT: {}
]]></system-out>
    </testcase>
    <testcase classname="android.rfcx90x7h2n.Easy_Voice_Recorder_Tests" name="Verify user can save new recording" time="9.117">
      <system-out><![CDATA[
COMMAND: POST /session/753dc9c8-010b-4d1b-bf73-d96aa562515e/appium/device/start_activity - {"appPackage":"com.coffeebeanventures.easyvoicerecorder","appActivity":"com.digipom.easyvoicerecorder.ui.activity.EasyVoiceRecorderActivity"}
RESULT: {"appPackage":"com.coffeebeanventures.easyvoicerecorder","appActivity":"com.digipom.easyvoicerecorder.ui.activity.EasyVoiceRecorderActivity"}
COMMAND: POST /session/753dc9c8-010b-4d1b-bf73-d96aa562515e/element - {"using":"id","value":"com.coffeebeanventures.easyvoicerecorder:id/next_recording_editable_file_name"}
RESULT: {"using":"id","value":"com.coffeebeanventures.easyvoicerecorder:id/next_recording_editable_file_name"}
COMMAND: GET /session/753dc9c8-010b-4d1b-bf73-d96aa562515e/element/00000000-0000-1131-ffff-ffff00000024/displayed - {}
RESULT: {}
COMMAND: POST /session/753dc9c8-010b-4d1b-bf73-d96aa562515e/element - {"using":"id","value":"com.coffeebeanventures.easyvoicerecorder:id/next_recording_editable_file_name"}
RESULT: {"using":"id","value":"com.coffeebeanventures.easyvoicerecorder:id/next_recording_editable_file_name"}
COMMAND: GET /session/753dc9c8-010b-4d1b-bf73-d96aa562515e/element/00000000-0000-1131-ffff-ffff00000024/text - {}
RESULT: {}
COMMAND: POST /session/753dc9c8-010b-4d1b-bf73-d96aa562515e/element - {"using":"id","value":"com.coffeebeanventures.easyvoicerecorder:id/record_pause_button"}
RESULT: {"using":"id","value":"com.coffeebeanventures.easyvoicerecorder:id/record_pause_button"}
COMMAND: GET /session/753dc9c8-010b-4d1b-bf73-d96aa562515e/element/00000000-0000-1131-ffff-ffff0000003f/displayed - {}
RESULT: {}
COMMAND: POST /session/753dc9c8-010b-4d1b-bf73-d96aa562515e/element - {"using":"id","value":"com.coffeebeanventures.easyvoicerecorder:id/record_pause_button"}
RESULT: {"using":"id","value":"com.coffeebeanventures.easyvoicerecorder:id/record_pause_button"}
COMMAND: POST /session/753dc9c8-010b-4d1b-bf73-d96aa562515e/element/00000000-0000-1131-ffff-ffff0000003f/click - {}
RESULT: {}
COMMAND: POST /session/753dc9c8-010b-4d1b-bf73-d96aa562515e/element - {"using":"id","value":"com.coffeebeanventures.easyvoicerecorder:id/done_button"}
RESULT: {"using":"id","value":"com.coffeebeanventures.easyvoicerecorder:id/done_button"}
COMMAND: GET /session/753dc9c8-010b-4d1b-bf73-d96aa562515e/element/00000000-0000-1131-ffff-ffff00000040/displayed - {}
RESULT: {}
COMMAND: POST /session/753dc9c8-010b-4d1b-bf73-d96aa562515e/element - {"using":"id","value":"com.coffeebeanventures.easyvoicerecorder:id/done_button"}
RESULT: {"using":"id","value":"com.coffeebeanventures.easyvoicerecorder:id/done_button"}
COMMAND: POST /session/753dc9c8-010b-4d1b-bf73-d96aa562515e/element/00000000-0000-1131-ffff-ffff00000040/click - {}
RESULT: {}
COMMAND: POST /session/753dc9c8-010b-4d1b-bf73-d96aa562515e/element - {"using":"id","value":"com.coffeebeanventures.easyvoicerecorder:id/finished_recording_name"}
RESULT: {"using":"id","value":"com.coffeebeanventures.easyvoicerecorder:id/finished_recording_name"}
COMMAND: GET /session/753dc9c8-010b-4d1b-bf73-d96aa562515e/element/00000000-0000-1131-ffff-ffff0000002c/displayed - {}
RESULT: {}
COMMAND: POST /session/753dc9c8-010b-4d1b-bf73-d96aa562515e/element - {"using":"id","value":"com.coffeebeanventures.easyvoicerecorder:id/finished_recording_name"}
RESULT: {"using":"id","value":"com.coffeebeanventures.easyvoicerecorder:id/finished_recording_name"}
COMMAND: GET /session/753dc9c8-010b-4d1b-bf73-d96aa562515e/element/00000000-0000-1131-ffff-ffff0000002c/text - {}
RESULT: {}
COMMAND: DELETE /session/753dc9c8-010b-4d1b-bf73-d96aa562515e - {}
RESULT: {}
]]></system-out>
    </testcase>
  </testsuite>
</testsuites>